Sat Jul 23 15:00:19 2022 +0200 - 88b989f - Chris Buijs - Merge branches 'patch-issue-198', 'issue-214' and 'issue-242' of https://github.com/folbricht/routedns
Sat Jul 16 10:05:53 2022 +0000 - 9697d2c - github-actions - Automatic Version bump from GitHub Action at: Sat Jul 16 10:05:53 UTC 2022 v0.1.8
Sat Jul 16 12:05:39 2022 +0200 - e427b72 - Frank Olbricht - Support no-tls option on DoH (TCP) servers (#239)
Tue Jun 28 14:10:53 2022 +0200 - 17100b3 - folbrich - Fix minor bugs and add 'random' selector
Sun Jun 26 22:51:47 2022 +0200 - 8e72b51 - folbrich - docs
Sun Jun 26 22:50:31 2022 +0200 - 90664ca - folbrich - Support selector functions for TTL modifier
Fri Jun 24 15:04:36 2022 +0000 - 30d3274 - github-actions - Automatic Version bump from GitHub Action at: Fri Jun 24 15:04:36 UTC 2022 v0.1.7
Fri Jun 24 17:04:20 2022 +0200 - d946a73 - Jeroen Simonetti - Harden systemd service (#243)
Thu Jun 23 09:17:33 2022 +0000 - e6ca299 - github-actions - Automatic Version bump from GitHub Action at: Thu Jun 23 09:17:33 UTC 2022 v0.1.6
Thu Jun 23 11:17:18 2022 +0200 - b8fe31a - Frank Olbricht - Ability to route by DoH path (#240)
Sat Jun 4 18:46:21 2022 +0200 - 7d443fd - folbrich - Support no-tls option on DoH (TCP) servers
Fri May 20 11:50:54 2022 +0000 - e4014d8 - github-actions - Automatic Version bump from GitHub Action at: Fri May 20 11:50:54 UTC 2022 v0.1.5
Fri May 20 13:50:37 2022 +0200 - 57c08a4 - Frank Olbricht - New element to log queries via syslog (#233)
Sun Apr 10 18:00:53 2022 +0000 - 7053805 - github-actions - Automatic Version bump from GitHub Action at: Sun Apr 10 18:00:53 UTC 2022 v0.1.4
Sun Apr 10 20:00:42 2022 +0200 - f056067 - Frank Olbricht - Update dependencies (#232)
Sun Mar 27 19:33:33 2022 +0000 - c2adb86 - github-actions - Automatic Version bump from GitHub Action at: Sun Mar 27 19:33:33 UTC 2022 v0.1.3
Sun Mar 27 14:33:21 2022 -0500 - 6d7131a - Charles Porth - Merge pull request #228 from folbricht/charlieporth1-patch-1-version-bumo
Sun Mar 27 14:32:44 2022 -0500 - 6d7131a - Charles Porth - Update version_bump.yaml
Sun Mar 27 14:30:06 2022 -0500 - d0892a1 - Charles Porth - Merge pull request #227 from folbricht/charlieporth1-patch-1-version-bumo
Sun Mar 27 14:29:32 2022 -0500 - d0892a1 - Charles Porth - Update version_bump.yaml
Sun Mar 27 14:27:51 2022 -0500 - 9477028 - Charles Porth - Merge pull request #226 from folbricht/charlieporth1-patch-1-version-bumo
Sun Mar 27 14:27:08 2022 -0500 - 9477028 - Charles Porth - Update version_bump.yaml
Sun Mar 27 14:23:26 2022 -0500 - 9420b7d - Charles Porth - Merge pull request #224 from folbricht/charlieporth1-patch-1-version-bumo
Sun Mar 27 14:19:33 2022 -0500 - 9420b7d - Charles Porth - Merge branch 'master' into charlieporth1-patch-1-version-bumo
Sun Mar 27 14:19:04 2022 -0500 - 9420b7d - Charles Porth - Update version.go
Sun Mar 27 14:18:34 2022 -0500 - 0f977cb - Charles Porth - Update version_bump.yaml
Sun Mar 27 14:16:35 2022 -0500 - d63b33c - Charles Porth - Update version_bump.yaml
Sun Mar 27 19:15:53 2022 +0000 - 6bac942 - github-actions - Automatic Version bump from GitHub Action at: Sun Mar 27 19:15:53 UTC 2022 v0.1.3
Sun Mar 27 14:15:42 2022 -0500 - 2aad287 - Charles Porth - Update version.go
Sun Mar 27 14:14:39 2022 -0500 - 38f9e4b - Charles Porth - Update version_bump.yaml
Sun Mar 27 19:01:16 2022 +0000 - ded936c - github-actions - Automatic Version bump from GitHub Action at: Sun Mar 27 19:01:16 UTC 2022 v0.1.2
Sun Mar 27 14:01:05 2022 -0500 - 811a8ac - Charles Porth - Merge pull request #222 from folbricht/automatic-version-bump
Wed Mar 16 22:20:44 2022 +0000 - 811a8ac - github-actions - Automatic Version bump from GitHub Action at: Wed Mar 16 22:20:44 UTC 2022 v0.1.1
Wed Mar 16 22:20:44 2022 +0000 - f270779 - Charles Porth - Update version_bump.yaml
Wed Mar 16 17:20:28 2022 -0500 - f270779 - Charles Porth - Update version_bump.yaml
Wed Mar 16 17:19:39 2022 -0500 - 53456f9 - Charles Porth - Update version_bump.yaml
Wed Mar 16 17:18:42 2022 -0500 - 2fb238c - Charles Porth - Update version_bump.yaml
Wed Mar 16 17:17:41 2022 -0500 - b240739 - Charles Porth - Update version_bump.yaml
Wed Mar 16 17:15:18 2022 -0500 - bfca1b9 - Charles Porth - Update version_bump.yaml
Wed Mar 16 17:13:54 2022 -0500 - 85ddd43 - Charles Porth - Update version_bump.yaml
Wed Mar 16 17:12:18 2022 -0500 - aa40fe2 - Charles Porth - Update version_bump.yaml
Wed Mar 16 17:11:32 2022 -0500 - 4236de2 - Charles Porth - Update version_bump.yaml
Wed Mar 16 17:10:37 2022 -0500 - 0e878bb - Charles Porth - Update version_bump.yaml
Wed Mar 16 17:09:46 2022 -0500 - 441e980 - Charles Porth - Update version_bump.yaml
Wed Mar 16 17:08:07 2022 -0500 - 90bc894 - Charles Porth - Update version_bump.yaml
Wed Mar 16 17:06:47 2022 -0500 - 9e13482 - Charles Porth - Update version_bump.yaml
Wed Mar 16 17:03:36 2022 -0500 - 80d42eb - Charles Porth - Update version_bump.yaml
Wed Mar 16 17:01:59 2022 -0500 - 808440a - Charles Porth - Update version_bump.yaml
Wed Mar 16 16:58:50 2022 -0500 - 1706b75 - Charles Porth - Update version_bump.yaml
Wed Mar 16 16:57:53 2022 -0500 - 09565f8 - Charles Porth - Update version_bump.yaml
Wed Mar 16 16:56:51 2022 -0500 - a6d137d - Charles Porth - Update version_bump.yaml
Wed Mar 16 16:55:49 2022 -0500 - bc7d588 - Charles Porth - Update version_bump.yaml
Wed Mar 16 16:51:51 2022 -0500 - 16122ca - Charles Porth - Update version_bump.yaml
Wed Mar 16 16:50:24 2022 -0500 - 74ced42 - Charles Porth - Update version_bump.yaml
Wed Mar 16 16:48:01 2022 -0500 - 46badc0 - Charles Porth - Update version_bump.yaml
Wed Mar 16 16:42:19 2022 -0500 - 6659b14 - Charles Porth - Update version_bump.yaml
Wed Mar 16 16:34:31 2022 -0500 - ce4c72b - Charles Porth - Update version_bump.yaml
Wed Mar 16 16:33:11 2022 -0500 - 9d80155 - Charles Porth - Update version_bump.yaml
Wed Mar 16 16:25:19 2022 -0500 - 32daff2 - Charles Porth - Create version_bump.yaml
Wed Mar 16 13:07:01 2022 -0500 - d595d83 - Charles Porth - Merge pull request #221 from folbricht/update-libs
Wed Mar 16 12:59:18 2022 -0500 - d595d83 - Charles Porth - Updated to include the service file
Wed Mar 16 12:56:54 2022 -0500 - a9bd090 - Charles Porth - rm exe and updated gitignore
Wed Mar 16 12:46:36 2022 -0500 - 0b7da9d - Charles Porth - Removed issue
Wed Mar 16 12:14:40 2022 -0500 - a72f233 - Charles Porth - Cobra made major lighter changes in 1.4 good idea to update as well
Wed Mar 16 12:09:36 2022 -0500 - 0f5a781 - Charles Porth - Updated libs to fix #218
Wed Mar 16 12:07:18 2022 -0500 - f34c493 - Charles Porth - Updated libs to fix #218
Wed Mar 16 05:42:37 2022 -0500 - 694f199 - Charles Porth - Merge pull request #219 from cbuijs/patch-1
Mon Mar 14 11:16:42 2022 +0100 - 694f199 - Chris Buijs - Update readme with link to pre-compiled/build binaries repo
Thu Feb 10 18:26:40 2022 -0700 - 2ee6296 - Frank Olbricht - Add logging to ECS modifier (#213)
Sat Feb 5 07:29:34 2022 -0700 - 6e82a12 - Chris Buijs - Add truncate option in static-responder to set TC bit (#211)
Tue Feb 1 14:11:12 2022 -0700 - b9e600a - Frank Olbricht - Fix logging for blocklist hits with blocklist-resolver (#207)
Tue Jan 11 17:40:32 2022 -0700 - b9539d1 - Frank Olbricht - Fix nil pointer panic when doing PTR lookups with hosts blocklist (#203)
Sun Jan 9 07:44:53 2022 -0700 - faeb061 - Frank Olbricht - Support naming blocklists to help with logging (#201)
Sat Jan 8 15:41:04 2022 -0700 - 37cee18 - Charles Porth - Default ports feature (#195)
Sat Jan 8 15:25:48 2022 -0700 - 3a76a15 - folbrich - dev
Sun Dec 26 10:56:59 2021 -0700 - 6890511 - Frank Olbricht - Fix panic when stripping multiple EDNS0 padding options (#199)
Sat Dec 25 11:41:31 2021 -0700 - eb5fb80 - folbrich - Add tracing
Sat Dec 25 11:25:11 2021 -0700 - dd30e7d - folbrich - Work around nil Option records in EDNS0
Sat Dec 25 11:06:29 2021 -0700 - 6890511 - folbrich - Fix panic when stripping multiple EDNS0 padding options
Mon Nov 29 06:37:12 2021 -0700 - 5508174 - Frank Olbricht - Preserve non-IP records in response from fastest-tcp (#192)
Tue Oct 12 08:56:56 2021 -0500 - a1b1fbe - Charles Porth - Merge pull request #184 from folbricht/feature_version_argument
Mon Sep 27 13:09:20 2021 -0500 - a1b1fbe - Charlie Porth - Corrected version number
Tue Sep 21 09:14:28 2021 -0500 - 06e9131 - Charlie Porth - Fixes for Franks suggestions
Thu Sep 16 09:00:10 2021 -0500 - ff9538b - Charlie Porth - Reformated code
Thu Sep 16 08:59:30 2021 -0500 - 982394c - Charlie Porth - Moved functions
Thu Sep 16 08:56:12 2021 -0500 - 1cb7851 - Charlie Porth - Added versioning for updating and debugging reasons
Mon Sep 13 16:41:29 2021 -0600 - 5145321 - Charles Porth - Update configuration.md (#183)
Sat Aug 28 15:18:18 2021 -0600 - c6a6ec5 - Frank Olbricht - New request-dedup group (#181)
Sat Aug 28 15:08:46 2021 -0600 - 00557c7 - Frank Olbricht - Fix tests (#182)
Sat Aug 28 12:00:29 2021 -0600 - 5f8b8f2 - Frank Olbricht - Fix DTLS connection handling (#180)
Wed Aug 18 08:30:35 2021 -0500 - 3dff02a - Charles Porth - Merge pull request #176 from folbricht/charlieporth1-patch-1-automatic-infosec-review
Sun Aug 15 09:08:51 2021 -0500 - 3dff02a - Charles Porth - Create codeql-analysis.yml
Sun Aug 8 07:36:00 2021 -0600 - 2eed3fc - Frank Olbricht - Support retry on truncation (#171)
Thu Aug 5 22:09:29 2021 -0600 - f910fd7 - Frank Olbricht - Support flushing a cache remotely (#168)
Fri Jul 30 06:39:31 2021 -0600 - 1f5563a - Frank Olbricht - Fix connection leak when using QUIC (#173)
Sat Jul 3 14:28:08 2021 -0600 - 9d5f2be - Frank Olbricht - New fastest-tcp group to probe TCP connections (#155)
Sat Jun 19 13:57:34 2021 -0600 - 3704013 - Frank Olbricht - New flag to control SERVFAIL behavior in failover groups (#166)
Sat Jun 19 13:53:08 2021 -0600 - bc1758e - Frank Olbricht - Support routing by time and weekday (#167)
Sat Jun 12 09:53:06 2021 -0600 - a9e3afd - Charles Porth - Added regex formating to configure.md (#164)
Sat Jun 12 09:52:13 2021 -0600 - c670cf9 - Frank Olbricht - Update QUIC to support RFC9000 (#163)
Tue Jun 1 07:06:47 2021 -0600 - 93e2de4 - Frank Olbricht - Update dtls to 2.0.9 (#157)
Sat May 29 17:02:19 2021 -0600 - 236581d - Frank Olbricht - Update docs and example to match doq-i02 (#154)
Thu May 13 20:30:17 2021 -0600 - 975c95d - folbrich - Fix typo as per #151
Sat May 1 10:57:50 2021 -0600 - c44d439 - Frank Olbricht - Update dependencies (#146)
Tue Mar 30 21:02:29 2021 -0600 - f15b087 - Frank Olbricht - Correct ALPN token for DOQ (#148)
Sat Mar 27 08:55:25 2021 -0600 - 6377fab - Frank Olbricht - New test for pipeline timeout (#145)
Sat Mar 27 08:33:36 2021 -0600 - c2cde55 - Dmitry Mikhirev - Fix hang queuing a request (#144)
Mon Mar 22 18:12:15 2021 -0600 - 30eb50a - Frank Olbricht - Fix shuffle default for cache (#141)
Thu Mar 4 19:50:42 2021 -0700 - 68496c7 - Frank Olbricht - Return copies of responses from the cache (#136)
Mon Mar 1 18:40:05 2021 -0700 - 87b863d - Frank Olbricht - Only store copies of answers in the cache (#135)
Mon Mar 1 18:15:03 2021 -0700 - cc62180 - Frank Olbricht - New cache-harden-below-nxdomain option (#132)
Mon Feb 8 17:51:21 2021 -0700 - 6619729 - Frank Olbricht - New cache option to control the order of answers (#128)
Sun Jan 31 08:15:21 2021 -0700 - 827711b - Frank Olbricht - Avoid panic in QUIC error handling (#129)
Sat Jan 2 10:22:19 2021 -0700 - 44a67ad - folbrich - Fix typo
Fri Jan 1 11:50:07 2021 -0700 - dc0df8d - folbrich - Fix formatting in markdown
Thu Dec 31 08:11:30 2020 -0700 - a737cfe - Frank Olbricht - Fix router dependency check (#122)
Wed Dec 30 09:09:02 2020 -0700 - 2431282 - Frank Olbricht - Restore the original query ID when DoQ fails (#120)
Tue Dec 29 18:19:39 2020 -0700 - f6ba4de - Frank Olbricht - Refactor configuration validation (#117)
Tue Dec 29 18:19:26 2020 -0700 - ebd4e7d - Frank Olbricht - Return PTR records for hosts file blocklists (#115)
Mon Dec 28 11:43:40 2020 -0700 - fe18fc9 - Frank Olbricht - Don't collapse or minimize unsuccessful responses (#114)
Mon Dec 28 11:42:19 2020 -0700 - aca7a79 - Frank Olbricht - Option to change the response code after collapsing to zero (#109)
Mon Dec 28 08:34:27 2020 -0700 - 649fd26 - Frank Olbricht - New 'fastest' group (#112)
Sat Dec 19 12:18:22 2020 -0700 - b5ead5a - folbrich - Update dependencies
Sat Dec 19 11:13:00 2020 -0700 - 5d0df2a - Frank Olbricht - New entity: edns0-modifier (#106)
Sun Nov 22 15:18:30 2020 -0700 - f44815a - Frank Olbricht - Provide container build (#104)
Sun Nov 22 09:36:17 2020 -0700 - 80d5f03 - folbrich - Update dependencies and add example config for DoQ
Sun Nov 22 09:19:56 2020 -0700 - 80c885a - Frank Olbricht - Store QUIC server tokens per resolver (#100)
Thu Nov 19 20:07:30 2020 -0700 - 62273e7 - Frank Olbricht - Return SERVFAIL if all resolvers in a group do (#103)
Thu Nov 12 07:05:54 2020 -0700 - fa60e74 - Frank Olbricht - Fail over to another resolver if the current one returns SERVFAIL (#101)
Sun Nov 1 07:03:58 2020 -0700 - d2d06e7 - Frank Olbricht - Supporting multiple types in routes and inverting of routes (#97)
Sat Oct 24 07:34:33 2020 -0600 - e69824b - Dmitry Mikhirev - Cache SERVFAIL responses (#91) (#98)
Sun Oct 11 08:12:18 2020 -0600 - 077cecb - Frank Olbricht - Allow 4k responses (#95)
Wed Sep 23 18:32:37 2020 -0600 - d941174 - Dmitry Mikhirev - Store empty answers in cache (#90)
Sun Sep 6 10:18:31 2020 -0600 - 629b3ed - Frank Olbricht - Add cache-dir option to HTTP blocklists (#83)
Sun Sep 6 10:17:39 2020 -0600 - d018125 - Frank Olbricht - Require TLS 1.2+ (#85)
Sun Sep 6 10:17:23 2020 -0600 - 50df88a - Frank Olbricht - Support Bootstrap Resolver (#82)
Sun Sep 6 10:16:49 2020 -0600 - 3664cb6 - folbrich - Avoid possible race condition collecting metrics
Sun Sep 6 09:55:30 2020 -0600 - cdf9eef - SeanBurford - Expvar (#84)
Sat Aug 22 07:42:29 2020 -0600 - 4a2c096 - Frank Olbricht - Increase DoH client timeout and update QUIC lib to work with Go 1.15 (#87)
Wed Aug 19 06:59:27 2020 -0600 - 9a58b98 - folbrich - Update install instructions
Sun Aug 2 09:57:58 2020 -0600 - 5d36133 - Frank Olbricht - Validate resolver addresses during startup (#77)
Thu Jul 30 06:55:40 2020 -0600 - 9b1d5cc - SeanBurford - Subnet (#79)
Mon Jul 27 07:06:11 2020 -0600 - bbebee0 - SeanBurford - Support X-Forwarded-For when it comes from a trusted proxy (#78)
Tue Jul 21 07:12:09 2020 -0600 - c0b4019 - Frank Olbricht - Support setting source address of resolvers (#75)
Sun Jul 5 14:42:52 2020 -0600 - 11f1e3a - Frank Olbricht - Cache based on query and ECS subnet address (#73)
Mon Jun 29 06:31:09 2020 -0600 - e8379cb - Frank Olbricht - Request rate-limiter (#71)
Sun Jun 28 15:39:48 2020 -0600 - 3210457 - folbrich - Set DoH server read/write timeout
Mon Jun 22 20:19:36 2020 -0600 - 62f2ce0 - Frank Olbricht - Log query type (#69)
Sun Jun 21 12:01:23 2020 -0600 - de8f4e2 - Frank Olbricht - Add example use-case with remote blocklists (#70)
Mon Jun 15 19:15:38 2020 -0600 - 0609c98 - Frank Olbricht - Support blocking on client IP with client-blocklist (#63)
Mon Jun 15 19:14:53 2020 -0600 - 0e5cfdf - Frank Olbricht - Support IPs without mask suffix in blocklists (#62)
Mon Jun 15 17:18:10 2020 -0600 - 21e1470 - Frank Olbricht - Fix panic when reloading CIDR or location blocklists (#66)
Mon Jun 15 17:07:16 2020 -0600 - 1d5af12 - ~Mich - Pass back the loader given upon instantiation of the domain BlocklistDB (#65)
Fri Jun 12 06:40:28 2020 -0600 - 6f15e19 - Frank Olbricht - Always use the clientIP for ECS Add when none is configured (#59)
Wed Jun 10 20:36:56 2020 -0600 - 82e6533 - Frank Olbricht - Add Random resolver group (#53)
Mon Jun 8 17:06:40 2020 -0600 - bf9bf64 - folbrich - Don't change Rcode in cached responses
Mon Jun 8 16:22:14 2020 -0600 - a7fe04f - Frank Olbricht - New elements to minimize and collapse responses (#54)
Sun Jun 7 13:24:51 2020 -0600 - c293840 - Frank Olbricht - Improve logging (#51)
Sun Jun 7 09:23:28 2020 -0600 - 9b696b3 - folbrich - Explain how to set TTL in static responder
Sun Jun 7 08:53:42 2020 -0600 - 287291c - Frank Olbricht - Use alternative blocklist-resolver if available when filtering all an… (#50)
Fri Jun 5 21:42:20 2020 -0600 - a9392bd - folbrich - Add note about QUIC support to main README.md
Fri Jun 5 06:26:51 2020 -0600 - c2f1c39 - folbrich - Don't set Do bit by default
Fri Jun 5 06:08:36 2020 -0600 - a9b2921 - Frank Olbricht - Support for DNS-over-DTLS (#41)
Thu Jun 4 17:31:50 2020 -0600 - 5ceb4cf - Frank Olbricht - Geo-Location blocking (#40)
Wed Jun 3 16:58:51 2020 -0600 - bc6bc3b - Frank Olbricht - Skip blank lines and comments in blocklist rules (#45)
Sun May 31 20:24:08 2020 -0600 - 1c05860 - Frank Olbricht - Improve docs and break out config guide (#39)
Sun May 31 14:29:32 2020 -0600 - 9ee41bc - Frank Olbricht - New cache options to limit the size and set negative-TTL and ttl-modifier (#37)
Mon May 25 16:19:05 2020 -0600 - 7108d77 - folbrich - remove conflict marker
Mon May 25 16:18:18 2020 -0600 - ed442cd - folbrich - Update install doc and add more well-known DNS servers to example config
Mon May 25 16:16:39 2020 -0600 - 97ef871 - Frank Olbricht - DoH with QUIC (#34)
Sun May 24 17:11:36 2020 -0600 - 202af87 - Frank Olbricht - Setup Github workflow (#35)
Sun May 24 08:16:14 2020 -0600 - 7431697 - Frank Olbricht - Support DNS-over-QUIC (#30)
Fri May 22 21:00:09 2020 -0600 - a75be57 - Frank Olbricht - Support for routing by class (#29)
Fri May 22 07:21:23 2020 -0600 - dab7d69 - Frank Olbricht - Allow filtering of responses in addition to blocking (#26)
Sun May 17 13:41:58 2020 -0600 - cf32567 - folbrich - Example of how to generate RFC8482 responses to ANY queries
Sun May 17 08:22:00 2020 -0600 - 0b9e864 - Frank Olbricht - Add static-responder group (#25)
Wed May 13 07:01:03 2020 -0600 - 3fd9bfc - Frank Olbricht - Support alternative resolvers for block/allowlist matches (#23)
Thu May 7 20:29:56 2020 -0600 - 538c203 - Frank Olbricht - Blocklists for responses (#20)
Sat May 2 10:30:18 2020 -0600 - c0583b7 - folbrich - Fix linter warnings
Sat May 2 10:08:44 2020 -0600 - 861db10 - folbrich - Remove debugging code
Wed Apr 29 20:23:27 2020 -0600 - fde3130 - Frank Olbricht - Merge pull request #17 from folbricht/issue-13
Wed Apr 29 20:22:41 2020 -0600 - fde3130 - folbrich - Update docs and examples
Wed Apr 22 21:40:01 2020 -0600 - c38b158 - folbrich - Support multiple types of lists in the same blocklist
Thu Apr 16 22:03:32 2020 -0600 - 04059de - folbrich - Support allowlists as part of blocklists to override rules
Wed Apr 15 17:05:18 2020 -0600 - 311dbb5 - Frank Olbricht - Merge pull request #16 from folbricht/issue-14
Tue Apr 14 20:22:42 2020 -0600 - 311dbb5 - folbrich - Support allowed-net option on listeners
Tue Apr 14 20:15:16 2020 -0600 - b6239ca - Frank Olbricht - Merge pull request #15 from folbricht/issue-9
Mon Apr 13 21:08:31 2020 -0600 - b6239ca - folbrich - Update docs
Sun Apr 12 19:54:55 2020 -0600 - 7efa53a - folbrich - Allow groups to depend on routers in the config
Fri Apr 10 08:20:23 2020 -0600 - ed7799e - Frank Olbricht - Merge pull request #8 from folbricht/ecs-modifier
Wed Apr 8 21:52:21 2020 -0600 - ed7799e - folbrich - New ecs-modifier
Wed Apr 8 18:19:41 2020 -0600 - 295d865 - Frank Olbricht - Merge pull request #7 from folbricht/blocklist-formats
Wed Apr 8 18:19:06 2020 -0600 - 295d865 - folbrich - Log matching blocklist rules
Tue Apr 7 18:52:46 2020 -0600 - 2f129e0 - folbrich - Expand logging and documentation
Mon Apr 6 22:21:35 2020 -0600 - 5e459ed - folbrich - Fix port in example
Mon Apr 6 22:21:03 2020 -0600 - 24c68c2 - folbrich - Add support for local files and remote blocklists (HTTP)
Mon Apr 6 20:47:33 2020 -0600 - e253b17 - folbrich - Refactor naming
Sun Apr 5 09:02:58 2020 -0600 - cb16e97 - folbrich - Honor default blocklist format and update docs
Sat Apr 4 19:42:39 2020 -0600 - 44de97e - folbrich - Missing files
Sat Apr 4 19:40:17 2020 -0600 - d730283 - folbrich - Update comment
Sat Apr 4 19:39:00 2020 -0600 - aada2ba - folbrich - Support additional hosts and domain blocklist formats
Sat Apr 4 09:51:38 2020 -0600 - 207e694 - Frank Olbricht - Merge pull request #6 from folbricht/split-config
Sat Apr 4 09:49:39 2020 -0600 - 207e694 - folbrich - Support configuration split over multiple files
Sat Apr 4 09:22:31 2020 -0600 - c02c406 - Frank Olbricht - Merge pull request #3 from folbricht/cache
Sat Apr 4 09:21:17 2020 -0600 - c02c406 - folbrich - Also cache negative responses
Wed Apr 1 19:11:19 2020 -0600 - 7529895 - folbrich - New cache group
Tue Dec 24 07:36:09 2019 -0700 - f433cd4 - folbrich - Fix godoc icon
Tue Dec 24 07:32:34 2019 -0700 - 1d139ad - folbrich - Add godoc link
Mon Oct 14 16:05:56 2019 -0600 - a339cb6 - folbrich - Don't fail on bad/unparsable responses, return them and warn instead
Mon Sep 16 20:21:33 2019 -0600 - 577e65f - folbrich - Fix restart behavior in systemd service file
Thu Aug 15 21:09:36 2019 -0600 - f1110d1 - folbrich - Fix typos
Sun Jul 28 12:09:19 2019 -0600 - 3e4b1d4 - folbrich - Add bootstrap IP option to DoT and DoH resolvers
Sun Jul 21 10:27:10 2019 -0600 - 0a0123d - folbrich - Update documentation
Sun Jul 21 09:45:16 2019 -0600 - 9120074 - folbrich - Update Google DoH resolver URL and add OpenDNS
Sat Jul 20 16:02:00 2019 -0600 - f9c1f65 - folbrich - Add/strip padding according to RFC7830 and RFC8467
Sat Jul 20 10:19:09 2019 -0600 - 639dd8b - folbrich - Silence the logger while running tests
Sat Jul 20 10:14:23 2019 -0600 - 0c50c36 - folbrich - Create go.{mod,sum}
Sat Jul 20 10:09:14 2019 -0600 - 6248ab1 - folbrich - Remove accidentally committed lock file
Sat Jul 20 10:06:32 2019 -0600 - 762836f - folbrich - Expand documentation
Sat Jul 20 09:08:09 2019 -0600 - c00c625 - folbrich - Add structured logging and log levels
Sun Jul 14 14:18:31 2019 -0600 - 3cf8cc2 - folbrich - Support HTTP2 in DoH listener as well
Sat Jul 13 21:54:14 2019 -0600 - 5b1f97a - folbrich - Support DoH listeners
Sat Jul 13 17:27:29 2019 -0600 - a0921ac - folbrich - Add DoT listener with support for mutual-TLS
Sat Jul 13 09:37:29 2019 -0600 - 4ca07be - folbrich - Support CAs and client key/crt in DoT and DoH resolvers
Sat Jul 6 15:32:47 2019 -0600 - 275c154 - folbrich - New 'replace' group to modify queries on-the-fly
Sat Jul 6 12:46:53 2019 -0600 - 0eb9aec - folbrich - Add idle timeout to DNS connection manager to tear down idle connections
Wed Jun 12 17:38:41 2019 -0600 - 58c99f5 - folbrich - Untangle router and group depenencies so they can reference resolvers of their own type
Mon Jun 10 22:03:33 2019 -0600 - 80f3c3b - folbrich - Fix doc link
Mon Jun 10 20:19:34 2019 -0600 - e592e42 - folbrich - Add blocklist type
Mon Jun 10 19:06:12 2019 -0600 - 68cf285 - folbrich - Add routing based on client/source IP and more router tests
Sun Jun 9 11:29:06 2019 -0600 - fa7071d - folbrich - Add fail-back group and update documentation
Sun Jun 9 09:13:18 2019 -0600 - 399a172 - folbrich - Minor logging and doc updates. Use a dictionary for resolver-specific config
Sat Jun 8 20:49:00 2019 -0600 - 63d7441 - folbrich - Add example config with public DNS resolvers
Sat Jun 8 19:04:31 2019 -0600 - fab4b43 - folbrich - Add fail-rotate group
Sat Jun 8 15:21:14 2019 -0600 - 86fee8c - folbrich - More documentation updates
Sat Jun 8 14:33:06 2019 -0600 - f3bc1b6 - folbrich - Add package documentation and examples
Sat Jun 8 11:58:32 2019 -0600 - 086e9a3 - folbrich - Implement DoH client and fix possible panic
Fri Jun 7 19:22:06 2019 -0600 - 0e4394a - folbrich - Implement query timeout for all resolvers
Fri Jun 7 18:59:52 2019 -0600 - 6a1c8da - folbrich - Use pipelining for plain tcp/udp DNS connections as well
Thu Jun 6 19:52:17 2019 -0600 - bb7cefc - folbrich - Initial commit
Thu Jun 6 19:43:23 2019 -0600 - 3566e81 - Frank Olbricht - Initial commit